### HEADER for file '41@01-01.log'; Device: c0:98:e5:42:00:41, Date: 2000/01/01 00:00:00; Timestamp: 946684800
### CHARGING STATUS: NOT PLUGGED IN and NOT CHARGING; Timestamp: 946684801
### MOTION CHANGE: STATIONARY; Timestamp: 946684807
### MOTION CHANGE: IN MOTION; Timestamp: 946684810
### MOTION CHANGE: STATIONARY; Timestamp: 946684816
### MOTION CHANGE: IN MOTION; Timestamp: 946684822
### MOTION CHANGE: STATIONARY; Timestamp: 946684835
### MOTION CHANGE: IN MOTION; Timestamp: 946684841
### MOTION CHANGE: STATIONARY; Timestamp: 946684845
### MOTION CHANGE: IN MOTION; Timestamp: 946684850
### MOTION CHANGE: STATIONARY; Timestamp: 946684855
### MOTION CHANGE: IN MOTION; Timestamp: 946684864
### MOTION CHANGE: STATIONARY; Timestamp: 946684868
### MOTION CHANGE: IN MOTION; Timestamp: 946684871
### MOTION CHANGE: STATIONARY; Timestamp: 946684879
0000000005	c0:98:e5:42:00:40	003209
0000000006	c0:98:e5:42:00:40	003710
0000000007	c0:98:e5:42:00:40	002029
0000000008	c0:98:e5:42:00:40	001937
0000000009	c0:98:e5:42:00:40	999999
0000000010	c0:98:e5:42:00:40	002040
0000000011	c0:98:e5:42:00:40	001381
0000000012	c0:98:e5:42:00:40	001239
0000000013	c0:98:e5:42:00:40	001056
0000000014	c0:98:e5:42:00:40	001298
0000000015	c0:98:e5:42:00:40	001336
0000000016	c0:98:e5:42:00:40	001283
0000000017	c0:98:e5:42:00:40	001329
0000000018	c0:98:e5:42:00:40	001318
0000000019	c0:98:e5:42:00:40	001316
0000000020	c0:98:e5:42:00:40	001243
0000000021	c0:98:e5:42:00:40	001272
0000000022	c0:98:e5:42:00:40	001312
0000000023	c0:98:e5:42:00:40	001269
0000000024	c0:98:e5:42:00:40	001283
0000000025	c0:98:e5:42:00:40	001284
0000000026	c0:98:e5:42:00:40	001272
0000000027	c0:98:e5:42:00:40	001301
0000000028	c0:98:e5:42:00:40	001325
0000000029	c0:98:e5:42:00:40	001297
0000000030	c0:98:e5:42:00:40	001273
0000000031	c0:98:e5:42:00:40	001307
0000000032	c0:98:e5:42:00:40	001308
0000000033	c0:98:e5:42:00:40	001324
0000000034	c0:98:e5:42:00:40	001336
0000000035	c0:98:e5:42:00:40	001227
0000000036	c0:98:e5:42:00:40	001314
0000000037	c0:98:e5:42:00:40	001244
0000000038	c0:98:e5:42:00:40	001251
0000000039	c0:98:e5:42:00:40	001305
0000000040	c0:98:e5:42:00:40	001297
0000000041	c0:98:e5:42:00:40	001305
0000000042	c0:98:e5:42:00:40	001333
0000000043	c0:98:e5:42:00:40	001277
0000000044	c0:98:e5:42:00:40	001318
0000000045	c0:98:e5:42:00:40	001291
0000000046	c0:98:e5:42:00:40	001305
0000000047	c0:98:e5:42:00:40	001321
0000000048	c0:98:e5:42:00:40	001273
0000000049	c0:98:e5:42:00:40	001318
0000000050	c0:98:e5:42:00:40	001291
0000000051	c0:98:e5:42:00:40	001271
0000000052	c0:98:e5:42:00:40	001242
0000000053	c0:98:e5:42:00:40	001273
0000000054	c0:98:e5:42:00:40	001340
0000000055	c0:98:e5:42:00:40	001270
0000000056	c0:98:e5:42:00:40	001336
0000000057	c0:98:e5:42:00:40	001257
0000000058	c0:98:e5:42:00:40	001291
0000000059	c0:98:e5:42:00:40	001312
0000000060	c0:98:e5:42:00:40	001296
0000000061	c0:98:e5:42:00:40	001364
### BATTERY VOLTAGE: 3884 mV; Timestamp: 946685102
0000000062	c0:98:e5:42:00:40	001294
0000000063	c0:98:e5:42:00:40	001289
0000000064	c0:98:e5:42:00:40	001307
0000000065	c0:98:e5:42:00:40	001303
0000000066	c0:98:e5:42:00:40	001325
0000000067	c0:98:e5:42:00:40	001286
0000000068	c0:98:e5:42:00:40	001248
0000000069	c0:98:e5:42:00:40	001289
0000000070	c0:98:e5:42:00:40	001265
0000000071	c0:98:e5:42:00:40	001267
0000000072	c0:98:e5:42:00:40	001275
0000000073	c0:98:e5:42:00:40	001288
0000000074	c0:98:e5:42:00:40	001303
0000000075	c0:98:e5:42:00:40	001310
0000000076	c0:98:e5:42:00:40	001276
0000000077	c0:98:e5:42:00:40	001310
0000000078	c0:98:e5:42:00:40	001335
0000000079	c0:98:e5:42:00:40	001309
0000000080	c0:98:e5:42:00:40	001273
0000000081	c0:98:e5:42:00:40	001265
0000000082	c0:98:e5:42:00:40	001275
0000000083	c0:98:e5:42:00:40	001315
0000000084	c0:98:e5:42:00:40	001349
0000000085	c0:98:e5:42:00:40	001234
0000000086	c0:98:e5:42:00:40	001302
0000000087	c0:98:e5:42:00:40	001284
0000000088	c0:98:e5:42:00:40	001296
0000000089	c0:98:e5:42:00:40	001303
0000000090	c0:98:e5:42:00:40	001262
0000000091	c0:98:e5:42:00:40	001312
0000000092	c0:98:e5:42:00:40	001264
0000000093	c0:98:e5:42:00:40	001292
0000000094	c0:98:e5:42:00:40	001338
0000000095	c0:98:e5:42:00:40	001302
0000000096	c0:98:e5:42:00:40	001297
0000000097	c0:98:e5:42:00:40	001410
0000000098	c0:98:e5:42:00:40	001310
0000000099	c0:98:e5:42:00:40	001305
0000000100	c0:98:e5:42:00:40	001272
0000000101	c0:98:e5:42:00:40	001319
0000000102	c0:98:e5:42:00:40	001292
0000000103	c0:98:e5:42:00:40	001246
0000000104	c0:98:e5:42:00:40	001485
0000000105	c0:98:e5:42:00:40	002629
0000000106	c0:98:e5:42:00:40	002516
0000000107	c0:98:e5:42:00:40	002509
0000000108	c0:98:e5:42:00:40	002639
0000000109	c0:98:e5:42:00:40	002577
0000000110	c0:98:e5:42:00:40	002658
0000000111	c0:98:e5:42:00:40	002667
0000000112	c0:98:e5:42:00:40	002620
0000000113	c0:98:e5:42:00:40	002600
0000000114	c0:98:e5:42:00:40	002549
0000000115	c0:98:e5:42:00:40	002595
0000000116	c0:98:e5:42:00:40	002509
0000000117	c0:98:e5:42:00:40	002629
0000000118	c0:98:e5:42:00:40	002626
0000000119	c0:98:e5:42:00:40	002633
0000000120	c0:98:e5:42:00:40	002650
0000000121	c0:98:e5:42:00:40	002588
0000000122	c0:98:e5:42:00:40	002591
0000000123	c0:98:e5:42:00:40	002637
0000000124	c0:98:e5:42:00:40	002621
0000000125	c0:98:e5:42:00:40	002531
0000000126	c0:98:e5:42:00:40	002618
0000000127	c0:98:e5:42:00:40	002592
0000000128	c0:98:e5:42:00:40	002574
0000000129	c0:98:e5:42:00:40	002525
0000000130	c0:98:e5:42:00:40	002581
0000000131	c0:98:e5:42:00:40	002593
0000000132	c0:98:e5:42:00:40	002432
0000000133	c0:98:e5:42:00:40	002609
0000000134	c0:98:e5:42:00:40	002622
0000000135	c0:98:e5:42:00:40	002551
0000000136	c0:98:e5:42:00:40	002574
0000000137	c0:98:e5:42:00:40	002549
0000000138	c0:98:e5:42:00:40	002711
0000000139	c0:98:e5:42:00:40	002653
0000000140	c0:98:e5:42:00:40	002581
0000000141	c0:98:e5:42:00:40	002577
0000000142	c0:98:e5:42:00:40	002557
0000000143	c0:98:e5:42:00:40	002547
0000000144	c0:98:e5:42:00:40	002622
0000000145	c0:98:e5:42:00:40	002563
0000000146	c0:98:e5:42:00:40	002539
0000000147	c0:98:e5:42:00:40	002618
0000000148	c0:98:e5:42:00:40	002584
0000000149	c0:98:e5:42:00:40	002508
0000000150	c0:98:e5:42:00:40	002620
0000000151	c0:98:e5:42:00:40	002612
0000000152	c0:98:e5:42:00:40	002607
0000000153	c0:98:e5:42:00:40	002665
0000000154	c0:98:e5:42:00:40	002459
0000000155	c0:98:e5:42:00:40	002588
0000000156	c0:98:e5:42:00:40	002714
0000000157	c0:98:e5:42:00:40	002598
0000000158	c0:98:e5:42:00:40	002590
0000000159	c0:98:e5:42:00:40	002649
0000000160	c0:98:e5:42:00:40	002546
0000000161	c0:98:e5:42:00:40	002584
0000000162	c0:98:e5:42:00:40	002627
0000000163	c0:98:e5:42:00:40	002521
0000000164	c0:98:e5:42:00:40	002557
0000000165	c0:98:e5:42:00:40	002658
0000000166	c0:98:e5:42:00:40	002657
0000000167	c0:98:e5:42:00:40	002572
0000000168	c0:98:e5:42:00:40	002620
0000000169	c0:98:e5:42:00:40	002626
0000000170	c0:98:e5:42:00:40	002518
0000000171	c0:98:e5:42:00:40	002581
0000000172	c0:98:e5:42:00:40	002610
0000000173	c0:98:e5:42:00:40	002571
0000000174	c0:98:e5:42:00:40	002575
0000000175	c0:98:e5:42:00:40	002599
0000000176	c0:98:e5:42:00:40	002551
0000000177	c0:98:e5:42:00:40	002593
0000000178	c0:98:e5:42:00:40	002644
0000000179	c0:98:e5:42:00:40	002578
0000000180	c0:98:e5:42:00:40	002643
0000000181	c0:98:e5:42:00:40	002623
0000000182	c0:98:e5:42:00:40	002625
0000000183	c0:98:e5:42:00:40	002602
0000000184	c0:98:e5:42:00:40	002659
0000000185	c0:98:e5:42:00:40	002694
0000000186	c0:98:e5:42:00:40	002643
0000000187	c0:98:e5:42:00:40	002638
0000000188	c0:98:e5:42:00:40	002648
0000000189	c0:98:e5:42:00:40	002575
0000000190	c0:98:e5:42:00:40	002600
0000000191	c0:98:e5:42:00:40	002459
0000000192	c0:98:e5:42:00:40	002605
0000000193	c0:98:e5:42:00:40	002476
0000000194	c0:98:e5:42:00:40	002635
0000000195	c0:98:e5:42:00:40	002596
0000000196	c0:98:e5:42:00:40	002577
0000000197	c0:98:e5:42:00:40	002564
0000000198	c0:98:e5:42:00:40	002572
0000000199	c0:98:e5:42:00:40	002620
0000000200	c0:98:e5:42:00:40	002660
0000000201	c0:98:e5:42:00:40	002617
0000000202	c0:98:e5:42:00:40	002594
0000000203	c0:98:e5:42:00:40	002630
0000000204	c0:98:e5:42:00:40	002722
0000000205	c0:98:e5:42:00:40	002545
0000000206	c0:98:e5:42:00:40	002564
0000000207	c0:98:e5:42:00:40	002622
0000000208	c0:98:e5:42:00:40	002674
0000000209	c0:98:e5:42:00:40	002578
0000000210	c0:98:e5:42:00:40	002608
0000000211	c0:98:e5:42:00:40	002628
0000000212	c0:98:e5:42:00:40	002534
0000000213	c0:98:e5:42:00:40	002571
0000000214	c0:98:e5:42:00:40	002575
0000000215	c0:98:e5:42:00:40	002581
0000000216	c0:98:e5:42:00:40	002660
0000000217	c0:98:e5:42:00:40	002647
0000000218	c0:98:e5:42:00:40	002658
0000000219	c0:98:e5:42:00:40	002620
0000000220	c0:98:e5:42:00:40	002424
0000000221	c0:98:e5:42:00:40	002566
0000000222	c0:98:e5:42:00:40	002597
0000000223	c0:98:e5:42:00:40	002658
0000000224	c0:98:e5:42:00:40	002656
0000000225	c0:98:e5:42:00:40	001392
0000000226	c0:98:e5:42:00:40	001229
0000000227	c0:98:e5:42:00:40	001272
0000000228	c0:98:e5:42:00:40	001326
0000000229	c0:98:e5:42:00:40	001317
0000000230	c0:98:e5:42:00:40	001318
0000000231	c0:98:e5:42:00:40	001361
0000000232	c0:98:e5:42:00:40	001238
0000000233	c0:98:e5:42:00:40	001309
0000000234	c0:98:e5:42:00:40	001346
0000000235	c0:98:e5:42:00:40	001308
0000000236	c0:98:e5:42:00:40	001294
0000000237	c0:98:e5:42:00:40	001267
0000000238	c0:98:e5:42:00:40	001302
0000000239	c0:98:e5:42:00:40	001266
0000000240	c0:98:e5:42:00:40	001277
0000000241	c0:98:e5:42:00:40	001265
0000000242	c0:98:e5:42:00:40	001289
0000000243	c0:98:e5:42:00:40	001314
0000000244	c0:98:e5:42:00:40	001293
0000000245	c0:98:e5:42:00:40	001294
0000000246	c0:98:e5:42:00:40	001312
0000000247	c0:98:e5:42:00:40	001266
0000000248	c0:98:e5:42:00:40	001267
0000000249	c0:98:e5:42:00:40	001272
0000000250	c0:98:e5:42:00:40	001290
0000000251	c0:98:e5:42:00:40	001289
0000000252	c0:98:e5:42:00:40	001298
0000000253	c0:98:e5:42:00:40	001368
0000000254	c0:98:e5:42:00:40	001308
0000000255	c0:98:e5:42:00:40	001334
0000000256	c0:98:e5:42:00:40	001326
0000000257	c0:98:e5:42:00:40	001269
0000000258	c0:98:e5:42:00:40	001206
0000000259	c0:98:e5:42:00:40	001272
0000000260	c0:98:e5:42:00:40	001256
0000000261	c0:98:e5:42:00:40	001292
0000000262	c0:98:e5:42:00:40	001278
0000000263	c0:98:e5:42:00:40	001272
0000000264	c0:98:e5:42:00:40	001264
0000000265	c0:98:e5:42:00:40	001341
0000000266	c0:98:e5:42:00:40	001288
0000000267	c0:98:e5:42:00:40	001273
0000000268	c0:98:e5:42:00:40	001346
0000000269	c0:98:e5:42:00:40	001303
0000000270	c0:98:e5:42:00:40	001263
0000000271	c0:98:e5:42:00:40	001274
0000000272	c0:98:e5:42:00:40	001332
0000000273	c0:98:e5:42:00:40	001365
0000000274	c0:98:e5:42:00:40	001255
0000000275	c0:98:e5:42:00:40	001352
0000000276	c0:98:e5:42:00:40	001336
0000000277	c0:98:e5:42:00:40	001235
0000000278	c0:98:e5:42:00:40	001297
0000000279	c0:98:e5:42:00:40	001329
0000000280	c0:98:e5:42:00:40	001264
0000000281	c0:98:e5:42:00:40	001297
0000000282	c0:98:e5:42:00:40	001227
0000000283	c0:98:e5:42:00:40	001284
0000000284	c0:98:e5:42:00:40	001257
0000000285	c0:98:e5:42:00:40	001259
0000000286	c0:98:e5:42:00:40	001277
0000000287	c0:98:e5:42:00:40	001368
0000000288	c0:98:e5:42:00:40	001310
0000000289	c0:98:e5:42:00:40	001307
0000000290	c0:98:e5:42:00:40	001379
0000000291	c0:98:e5:42:00:40	001345
0000000292	c0:98:e5:42:00:40	001364
0000000293	c0:98:e5:42:00:40	001261
0000000294	c0:98:e5:42:00:40	001328
0000000295	c0:98:e5:42:00:40	001312
0000000296	c0:98:e5:42:00:40	001271
0000000297	c0:98:e5:42:00:40	001264
0000000298	c0:98:e5:42:00:40	001267
0000000299	c0:98:e5:42:00:40	001300
0000000300	c0:98:e5:42:00:40	001301
0000000301	c0:98:e5:42:00:40	001345
0000000302	c0:98:e5:42:00:40	001328
0000000303	c0:98:e5:42:00:40	001352
0000000304	c0:98:e5:42:00:40	001315
0000000305	c0:98:e5:42:00:40	001350
0000000306	c0:98:e5:42:00:40	001291
0000000307	c0:98:e5:42:00:40	001271
0000000308	c0:98:e5:42:00:40	001269
0000000309	c0:98:e5:42:00:40	001282
0000000310	c0:98:e5:42:00:40	001440
0000000311	c0:98:e5:42:00:40	001304
0000000312	c0:98:e5:42:00:40	001305
0000000313	c0:98:e5:42:00:40	001294
0000000314	c0:98:e5:42:00:40	001365
0000000315	c0:98:e5:42:00:40	001242
0000000316	c0:98:e5:42:00:40	001296
0000000317	c0:98:e5:42:00:40	001286
0000000318	c0:98:e5:42:00:40	001361
0000000319	c0:98:e5:42:00:40	001317
0000000320	c0:98:e5:42:00:40	001293
0000000321	c0:98:e5:42:00:40	001325
0000000322	c0:98:e5:42:00:40	001319
0000000323	c0:98:e5:42:00:40	001257
0000000324	c0:98:e5:42:00:40	001334
0000000325	c0:98:e5:42:00:40	001284
0000000326	c0:98:e5:42:00:40	001294
0000000327	c0:98:e5:42:00:40	001312
0000000328	c0:98:e5:42:00:40	001305
0000000329	c0:98:e5:42:00:40	001298
0000000330	c0:98:e5:42:00:40	001337
0000000331	c0:98:e5:42:00:40	001252
0000000332	c0:98:e5:42:00:40	001261
0000000333	c0:98:e5:42:00:40	001333
0000000334	c0:98:e5:42:00:40	001297
0000000335	c0:98:e5:42:00:40	001245
0000000336	c0:98:e5:42:00:40	001284
0000000337	c0:98:e5:42:00:40	001326
0000000338	c0:98:e5:42:00:40	001300
0000000339	c0:98:e5:42:00:40	001336
0000000340	c0:98:e5:42:00:40	001293
0000000341	c0:98:e5:42:00:40	001288
0000000342	c0:98:e5:42:00:40	001274
0000000343	c0:98:e5:42:00:40	001349
0000000344	c0:98:e5:42:00:40	001246
0000000345	c0:98:e5:42:00:40	001346
0000000346	c0:98:e5:42:00:40	001317
0000000347	c0:98:e5:42:00:40	001336
0000000348	c0:98:e5:42:00:40	001346
0000000349	c0:98:e5:42:00:40	001295
0000000350	c0:98:e5:42:00:40	001338
0000000351	c0:98:e5:42:00:40	001349
0000000352	c0:98:e5:42:00:40	001363
0000000353	c0:98:e5:42:00:40	001350
0000000354	c0:98:e5:42:00:40	001332
0000000355	c0:98:e5:42:00:40	001266
0000000356	c0:98:e5:42:00:40	001246
0000000357	c0:98:e5:42:00:40	001261
0000000358	c0:98:e5:42:00:40	001266
0000000359	c0:98:e5:42:00:40	001300
0000000360	c0:98:e5:42:00:40	001270
0000000361	c0:98:e5:42:00:40	001302
0000000362	c0:98:e5:42:00:40	001303
### BATTERY VOLTAGE: 3875 mV; Timestamp: 946685403
0000000363	c0:98:e5:42:00:40	001282
0000000364	c0:98:e5:42:00:40	001291
0000000365	c0:98:e5:42:00:40	001275
0000000366	c0:98:e5:42:00:40	001245
0000000367	c0:98:e5:42:00:40	001349
0000000368	c0:98:e5:42:00:40	001332
0000000369	c0:98:e5:42:00:40	001288
0000000370	c0:98:e5:42:00:40	001346
0000000371	c0:98:e5:42:00:40	001270
0000000372	c0:98:e5:42:00:40	001240
0000000373	c0:98:e5:42:00:40	001379
0000000374	c0:98:e5:42:00:40	001325
0000000375	c0:98:e5:42:00:40	001253
0000000376	c0:98:e5:42:00:40	001327
0000000377	c0:98:e5:42:00:40	001284
0000000378	c0:98:e5:42:00:40	001300
0000000379	c0:98:e5:42:00:40	001281
0000000380	c0:98:e5:42:00:40	001273
0000000381	c0:98:e5:42:00:40	001382
0000000382	c0:98:e5:42:00:40	001288
0000000383	c0:98:e5:42:00:40	001358
0000000384	c0:98:e5:42:00:40	001310
0000000385	c0:98:e5:42:00:40	001365
0000000386	c0:98:e5:42:00:40	001312
0000000387	c0:98:e5:42:00:40	001269
0000000388	c0:98:e5:42:00:40	001334
0000000389	c0:98:e5:42:00:40	001254
0000000390	c0:98:e5:42:00:40	001305
0000000391	c0:98:e5:42:00:40	001326
0000000392	c0:98:e5:42:00:40	001296
0000000393	c0:98:e5:42:00:40	001328
0000000394	c0:98:e5:42:00:40	001293
0000000395	c0:98:e5:42:00:40	001331
0000000396	c0:98:e5:42:00:40	001308
0000000397	c0:98:e5:42:00:40	001289
0000000398	c0:98:e5:42:00:40	001346
0000000399	c0:98:e5:42:00:40	001306
0000000400	c0:98:e5:42:00:40	001250
0000000401	c0:98:e5:42:00:40	001315
0000000402	c0:98:e5:42:00:40	001306
0000000403	c0:98:e5:42:00:40	001284
0000000404	c0:98:e5:42:00:40	001274
0000000405	c0:98:e5:42:00:40	001251
0000000406	c0:98:e5:42:00:40	001329
0000000407	c0:98:e5:42:00:40	001344
0000000408	c0:98:e5:42:00:40	001254
0000000409	c0:98:e5:42:00:40	001264
0000000410	c0:98:e5:42:00:40	001268
0000000411	c0:98:e5:42:00:40	001250
0000000412	c0:98:e5:42:00:40	001267
0000000413	c0:98:e5:42:00:40	001340
0000000414	c0:98:e5:42:00:40	001360
0000000415	c0:98:e5:42:00:40	001287
0000000416	c0:98:e5:42:00:40	001257
0000000417	c0:98:e5:42:00:40	001216
0000000418	c0:98:e5:42:00:40	001334
0000000419	c0:98:e5:42:00:40	001317
0000000420	c0:98:e5:42:00:40	001282
0000000421	c0:98:e5:42:00:40	001288
0000000422	c0:98:e5:42:00:40	001313
0000000423	c0:98:e5:42:00:40	001349
0000000424	c0:98:e5:42:00:40	001316
0000000425	c0:98:e5:42:00:40	001308
0000000426	c0:98:e5:42:00:40	001263
0000000427	c0:98:e5:42:00:40	001235
0000000428	c0:98:e5:42:00:40	001259
0000000429	c0:98:e5:42:00:40	001307
0000000430	c0:98:e5:42:00:40	001305
0000000431	c0:98:e5:42:00:40	001292
0000000432	c0:98:e5:42:00:40	001294
0000000433	c0:98:e5:42:00:40	001317
0000000434	c0:98:e5:42:00:40	001294
0000000435	c0:98:e5:42:00:40	001231
0000000436	c0:98:e5:42:00:40	001290
0000000437	c0:98:e5:42:00:40	001424
0000000438	c0:98:e5:42:00:40	001315
0000000439	c0:98:e5:42:00:40	001332
0000000440	c0:98:e5:42:00:40	001290
0000000441	c0:98:e5:42:00:40	001338
0000000442	c0:98:e5:42:00:40	001345
0000000443	c0:98:e5:42:00:40	001328
0000000444	c0:98:e5:42:00:40	001291
0000000445	c0:98:e5:42:00:40	001285
0000000446	c0:98:e5:42:00:40	001281
0000000447	c0:98:e5:42:00:40	001321
0000000448	c0:98:e5:42:00:40	001325
0000000449	c0:98:e5:42:00:40	001292
0000000450	c0:98:e5:42:00:40	001276
0000000451	c0:98:e5:42:00:40	001293
0000000452	c0:98:e5:42:00:40	001265
0000000453	c0:98:e5:42:00:40	001321
0000000454	c0:98:e5:42:00:40	001340
0000000455	c0:98:e5:42:00:40	001267
0000000456	c0:98:e5:42:00:40	001284
0000000457	c0:98:e5:42:00:40	001299
0000000458	c0:98:e5:42:00:40	001319
0000000459	c0:98:e5:42:00:40	001323
0000000460	c0:98:e5:42:00:40	001325
0000000461	c0:98:e5:42:00:40	001275
0000000462	c0:98:e5:42:00:40	001323
0000000463	c0:98:e5:42:00:40	001360
0000000464	c0:98:e5:42:00:40	001271
0000000465	c0:98:e5:42:00:40	001313
0000000466	c0:98:e5:42:00:40	001333
0000000467	c0:98:e5:42:00:40	001317
0000000468	c0:98:e5:42:00:40	001290
0000000469	c0:98:e5:42:00:40	001244
0000000470	c0:98:e5:42:00:40	001303
0000000471	c0:98:e5:42:00:40	001254
0000000472	c0:98:e5:42:00:40	001352
0000000473	c0:98:e5:42:00:40	001286
0000000474	c0:98:e5:42:00:40	001319
0000000475	c0:98:e5:42:00:40	001289
0000000476	c0:98:e5:42:00:40	001315
0000000477	c0:98:e5:42:00:40	001221
0000000478	c0:98:e5:42:00:40	001291
0000000479	c0:98:e5:42:00:40	001340
0000000480	c0:98:e5:42:00:40	001265
0000000481	c0:98:e5:42:00:40	001302
0000000482	c0:98:e5:42:00:40	001301
0000000483	c0:98:e5:42:00:40	001264
0000000484	c0:98:e5:42:00:40	001310
0000000485	c0:98:e5:42:00:40	001369
0000000486	c0:98:e5:42:00:40	001323
0000000487	c0:98:e5:42:00:40	001251
0000000488	c0:98:e5:42:00:40	001261
0000000489	c0:98:e5:42:00:40	001219
0000000490	c0:98:e5:42:00:40	001278
0000000491	c0:98:e5:42:00:40	001250
0000000492	c0:98:e5:42:00:40	001277
0000000493	c0:98:e5:42:00:40	001315
0000000494	c0:98:e5:42:00:40	001309
0000000495	c0:98:e5:42:00:40	001333
0000000496	c0:98:e5:42:00:40	001276
0000000497	c0:98:e5:42:00:40	001301
0000000498	c0:98:e5:42:00:40	001345
0000000499	c0:98:e5:42:00:40	001314
0000000500	c0:98:e5:42:00:40	001326
0000000501	c0:98:e5:42:00:40	001334
0000000502	c0:98:e5:42:00:40	001322
0000000503	c0:98:e5:42:00:40	001303
0000000504	c0:98:e5:42:00:40	001419
0000000505	c0:98:e5:42:00:40	001339
0000000506	c0:98:e5:42:00:40	001386
0000000507	c0:98:e5:42:00:40	001317
0000000508	c0:98:e5:42:00:40	001316
0000000509	c0:98:e5:42:00:40	001312
0000000510	c0:98:e5:42:00:40	001266
0000000511	c0:98:e5:42:00:40	001330
0000000512	c0:98:e5:42:00:40	001350
0000000513	c0:98:e5:42:00:40	001317
0000000514	c0:98:e5:42:00:40	001356
0000000515	c0:98:e5:42:00:40	001318
0000000516	c0:98:e5:42:00:40	001314
0000000517	c0:98:e5:42:00:40	001240
0000000518	c0:98:e5:42:00:40	001275
0000000519	c0:98:e5:42:00:40	001291
0000000520	c0:98:e5:42:00:40	001312
0000000521	c0:98:e5:42:00:40	001310
0000000522	c0:98:e5:42:00:40	001282
0000000523	c0:98:e5:42:00:40	001249
0000000524	c0:98:e5:42:00:40	001300
0000000525	c0:98:e5:42:00:40	001327
0000000526	c0:98:e5:42:00:40	001307
0000000527	c0:98:e5:42:00:40	001217
0000000528	c0:98:e5:42:00:40	001384
0000000529	c0:98:e5:42:00:40	001363
0000000530	c0:98:e5:42:00:40	001279
0000000531	c0:98:e5:42:00:40	001301
0000000532	c0:98:e5:42:00:40	001323
0000000533	c0:98:e5:42:00:40	001353
0000000534	c0:98:e5:42:00:40	001366
0000000535	c0:98:e5:42:00:40	001355
0000000536	c0:98:e5:42:00:40	001293
0000000537	c0:98:e5:42:00:40	001303
0000000538	c0:98:e5:42:00:40	001310
0000000539	c0:98:e5:42:00:40	001258
0000000540	c0:98:e5:42:00:40	001319
0000000541	c0:98:e5:42:00:40	001320
0000000542	c0:98:e5:42:00:40	001325
0000000543	c0:98:e5:42:00:40	001323
0000000544	c0:98:e5:42:00:40	001282
0000000545	c0:98:e5:42:00:40	001380
0000000546	c0:98:e5:42:00:40	001211
0000000547	c0:98:e5:42:00:40	001327
0000000548	c0:98:e5:42:00:40	001330
0000000549	c0:98:e5:42:00:40	001283
0000000550	c0:98:e5:42:00:40	001364
0000000551	c0:98:e5:42:00:40	001314
0000000552	c0:98:e5:42:00:40	001317
0000000553	c0:98:e5:42:00:40	001285
0000000554	c0:98:e5:42:00:40	001303
0000000555	c0:98:e5:42:00:40	001292
0000000556	c0:98:e5:42:00:40	001329
0000000557	c0:98:e5:42:00:40	001258
0000000558	c0:98:e5:42:00:40	001256
0000000559	c0:98:e5:42:00:40	001264
0000000560	c0:98:e5:42:00:40	001289
0000000561	c0:98:e5:42:00:40	001336
0000000562	c0:98:e5:42:00:40	001257
0000000563	c0:98:e5:42:00:40	001286
0000000564	c0:98:e5:42:00:40	001358
0000000565	c0:98:e5:42:00:40	001320
0000000566	c0:98:e5:42:00:40	001280
0000000567	c0:98:e5:42:00:40	001341
0000000568	c0:98:e5:42:00:40	001293
0000000569	c0:98:e5:42:00:40	001376
0000000570	c0:98:e5:42:00:40	001379
0000000571	c0:98:e5:42:00:40	001197
0000000572	c0:98:e5:42:00:40	001253
0000000573	c0:98:e5:42:00:40	001312
0000000574	c0:98:e5:42:00:40	001419
0000000575	c0:98:e5:42:00:40	001249
0000000576	c0:98:e5:42:00:40	000989
0000000577	c0:98:e5:42:00:40	999999
0000000578	c0:98:e5:42:00:40	001085
0000000579	c0:98:e5:42:00:40	001598
0000000580	c0:98:e5:42:00:40	002023
0000000581	c0:98:e5:42:00:40	001873
